Build started 1/26/2016 3:10:45 AM.
     1>Project "D:\OneDrive\Projects\CS325\CS325 GA2\CS325 GA2\CS325 GA2.vcxproj" on node 2 (Build target(s)).
     1>ClCompile:
         C:\Program Files (x86)\Microsoft Visual Studio 14.0\VC\bin\CL.exe /c /ZI /nologo /W3 /WX- /sdl /Od /Oy- /D _MBCS /Gm /EHsc /RTC1 /MDd /GS /fp:precise /Zc:wchar_t /Zc:forScope /Zc:inline /Fo"Debug\\" /Fd"Debug\vc140.pdb" /Gd /TP /analyze- /errorReport:prompt MainGA2.cpp TestCase.cpp
         TestCase.cpp
     1>d:\onedrive\projects\cs325\cs325 ga2\cs325 ga2\testcase.cpp(22): warning C4018: '<': signed/unsigned mismatch
     1>d:\onedrive\projects\cs325\cs325 ga2\cs325 ga2\testcase.cpp(26): warning C4018: '<': signed/unsigned mismatch
     1>d:\onedrive\projects\cs325\cs325 ga2\cs325 ga2\testcase.cpp(107): warning C4018: '<': signed/unsigned mismatch
     1>d:\onedrive\projects\cs325\cs325 ga2\cs325 ga2\testcase.cpp(138): warning C4018: '<': signed/unsigned mismatch
     1>d:\onedrive\projects\cs325\cs325 ga2\cs325 ga2\testcase.cpp(161): warning C4018: '<': signed/unsigned mismatch
     1>d:\onedrive\projects\cs325\cs325 ga2\cs325 ga2\testcase.cpp(163): warning C4018: '<': signed/unsigned mismatch
         MainGA2.cpp
     1>d:\onedrive\projects\cs325\cs325 ga2\cs325 ga2\mainga2.cpp(117): warning C4018: '<': signed/unsigned mismatch
         Generating Code...
       Link:
         C:\Program Files (x86)\Microsoft Visual Studio 14.0\VC\bin\link.exe /ERRORREPORT:PROMPT /OUT:"D:\OneDrive\Projects\CS325\CS325 GA2\Debug\CS325 GA2.exe" /INCREMENTAL /NOLOGO kernel32.lib user32.lib gdi32.lib winspool.lib comdlg32.lib advapi32.lib shell32.lib ole32.lib oleaut32.lib uuid.lib odbc32.lib odbccp32.lib /MANIFEST /MANIFESTUAC:"level='asInvoker' uiAccess='false'" /manifest:embed /Debug /PDB:"D:\OneDrive\Projects\CS325\CS325 GA2\Debug\CS325 GA2.pdb" /TLBID:1 /DYNAMICBASE /NXCOMPAT /IMPLIB:"D:\OneDrive\Projects\CS325\CS325 GA2\Debug\CS325 GA2.lib" /MACHINE:X86 Debug\Locker.obj
         Debug\MainGA2.obj
         Debug\TestCase.obj
         CS325 GA2.vcxproj -> D:\OneDrive\Projects\CS325\CS325 GA2\Debug\CS325 GA2.exe
     1>Done Building Project "D:\OneDrive\Projects\CS325\CS325 GA2\CS325 GA2\CS325 GA2.vcxproj" (Build target(s)).

Build succeeded.

Time Elapsed 00:00:01.98
