Release 14.7 - xst P.20131013 (nt64)
Copyright (c) 1995-2013 Xilinx, Inc.  All rights reserved.
--> Parameter TMPDIR set to xst/projnav.tmp


Total REAL time to Xst completion: 0.00 secs
Total CPU time to Xst completion: 0.12 secs
 
--> Parameter xsthdpdir set to xst


Total REAL time to Xst completion: 0.00 secs
Total CPU time to Xst completion: 0.12 secs
 
--> Reading design: upDownCounter7seg.prj

TABLE OF CONTENTS
  1) Synthesis Options Summary
  2) HDL Compilation
  3) Design Hierarchy Analysis
  4) HDL Analysis
  5) HDL Synthesis
     5.1) HDL Synthesis Report
  6) Advanced HDL Synthesis
     6.1) Advanced HDL Synthesis Report
  7) Low Level Synthesis
  8) Partition Report
  9) Final Report
	9.1) Device utilization summary
	9.2) Partition Resource Summary
	9.3) TIMING REPORT


=========================================================================
*                      Synthesis Options Summary                        *
=========================================================================
---- Source Parameters
Input File Name                    : "upDownCounter7seg.prj"
Input Format                       : mixed
Ignore Synthesis Constraint File   : NO

---- Target Parameters
Output File Name                   : "upDownCounter7seg"
Output Format                      : NGC
Target Device                      : xc3s100e-4-cp132

---- Source Options
Top Module Name                    : upDownCounter7seg
Automatic FSM Extraction           : YES
FSM Encoding Algorithm             : Auto
Safe Implementation                : No
FSM Style                          : LUT
RAM Extraction                     : Yes
RAM Style                          : Auto
ROM Extraction                     : Yes
Mux Style                          : Auto
Decoder Extraction                 : YES
Priority Encoder Extraction        : Yes
Shift Register Extraction          : YES
Logical Shifter Extraction         : YES
XOR Collapsing                     : YES
ROM Style                          : Auto
Mux Extraction                     : Yes
Resource Sharing                   : YES
Asynchronous To Synchronous        : NO
Multiplier Style                   : Auto
Automatic Register Balancing       : No

---- Target Options
Add IO Buffers                     : YES
Global Maximum Fanout              : 100000
Add Generic Clock Buffer(BUFG)     : 24
Register Duplication               : YES
Slice Packing                      : YES
Optimize Instantiated Primitives   : NO
Use Clock Enable                   : Yes
Use Synchronous Set                : Yes
Use Synchronous Reset              : Yes
Pack IO Registers into IOBs        : Auto
Equivalent register Removal        : YES

---- General Options
Optimization Goal                  : Speed
Optimization Effort                : 1
Keep Hierarchy                     : No
Netlist Hierarchy                  : As_Optimized
RTL Output                         : Yes
Global Optimization                : AllClockNets
Read Cores                         : YES
Write Timing Constraints           : NO
Cross Clock Analysis               : NO
Hierarchy Separator                : /
Bus Delimiter                      : <>
Case Specifier                     : Maintain
Slice Utilization Ratio            : 100
BRAM Utilization Ratio             : 100
Verilog 2001                       : YES
Auto BRAM Packing                  : NO
Slice Utilization Ratio Delta      : 5

=========================================================================


=========================================================================
*                          HDL Compilation                              *
=========================================================================
Compiling verilog file "delay.v" in library work
Compiling verilog file "upDownCounter7seg.v" in library work
Module <delay> compiled
Module <upDownCounter7seg> compiled
No errors in compilation
Analysis of file <"upDownCounter7seg.prj"> succeeded.
 

=========================================================================
*                     Design Hierarchy Analysis                         *
=========================================================================
Analyzing hierarchy for module <upDownCounter7seg> in library <work>.

Analyzing hierarchy for module <delay> in library <work> with parameters.
	CNT_WIDTH = "00000000000000000000000000011010"


=========================================================================
*                            HDL Analysis                               *
=========================================================================
Analyzing top module <upDownCounter7seg>.
Module <upDownCounter7seg> is correct for synthesis.
 
Analyzing module <delay> in library <work>.
	CNT_WIDTH = 32'sb00000000000000000000000000011010
WARNING:Xst:916 - "delay.v" line 30: Delay is ignored for synthesis.
Module <delay> is correct for synthesis.
 

=========================================================================
*                           HDL Synthesis                               *
=========================================================================

Performing bidirectional port resolution...

Synthesizing Unit <delay>.
    Related source file is "delay.v".
    Found 26-bit register for signal <timer>.
    Found 26-bit adder for signal <timerNext$addsub0000> created at line 37.
    Summary:
	inferred  26 D-type flip-flop(s).
	inferred   1 Adder/Subtractor(s).
Unit <delay> synthesized.


Synthesizing Unit <upDownCounter7seg>.
    Related source file is "upDownCounter7seg.v".
    Found 10x8-bit ROM for signal <seg$mux0000>.
WARNING:Xst:737 - Found 8-bit latch for signal <seg>. Latches may be generated from incomplete case or if statements. We do not recommend the use of latches in FPGA/CPLD designs, as they may lead to timing problems.
INFO:Xst:2371 - HDL ADVISOR - Logic functions respectively driving the data and gate enable inputs of this latch share common terms. This situation will potentially lead to setup/hold violations and, as a result, to simulation problems. This situation may come from an incomplete case statement (all selector values are not covered). You should carefully review if it was in your intentions to describe such a latch.
    Found 4-bit updown counter for signal <counter>.
    Summary:
	inferred   1 ROM(s).
	inferred   1 Counter(s).
Unit <upDownCounter7seg> synthesized.


=========================================================================
HDL Synthesis Report

Macro Statistics
# ROMs                                                 : 1
 10x8-bit ROM                                          : 1
# Adders/Subtractors                                   : 1
 26-bit adder                                          : 1
# Counters                                             : 1
 4-bit updown counter                                  : 1
# Registers                                            : 1
 26-bit register                                       : 1
# Latches                                              : 1
 8-bit latch                                           : 1

=========================================================================

=========================================================================
*                       Advanced HDL Synthesis                          *
=========================================================================


=========================================================================
Advanced HDL Synthesis Report

Macro Statistics
# ROMs                                                 : 1
 10x8-bit ROM                                          : 1
# Adders/Subtractors                                   : 1
 26-bit adder                                          : 1
# Counters                                             : 1
 4-bit updown counter                                  : 1
# Registers                                            : 26
 Flip-Flops                                            : 26
# Latches                                              : 1
 8-bit latch                                           : 1

=========================================================================

=========================================================================
*                         Low Level Synthesis                           *
=========================================================================
WARNING:Xst:1710 - FF/Latch <seg_7> (without init value) has a constant value of 0 in block <upDownCounter7seg>. This FF/Latch will be trimmed during the optimization process.

Optimizing unit <upDownCounter7seg> ...

Optimizing unit <delay> ...

Mapping all equations...
Building and optimizing final netlist ...
Found area constraint ratio of 100 (+ 5) on block upDownCounter7seg, actual ratio is 2.

Final Macro Processing ...

=========================================================================
Final Register Report

Macro Statistics
# Registers                                            : 30
 Flip-Flops                                            : 30

=========================================================================

=========================================================================
*                           Partition Report                            *
=========================================================================

Partition Implementation Status
-------------------------------

  No Partitions were found in this design.

-------------------------------

=========================================================================
*                            Final Report                               *
=========================================================================
Final Results
RTL Top Level Output File Name     : upDownCounter7seg.ngr
Top Level Output File Name         : upDownCounter7seg
Output Format                      : NGC
Optimization Goal                  : Speed
Keep Hierarchy                     : No

Design Statistics
# IOs                              : 15

Cell Usage :
# BELS                             : 111
#      GND                         : 1
#      INV                         : 2
#      LUT1                        : 25
#      LUT2                        : 2
#      LUT2_L                      : 1
#      LUT3                        : 2
#      LUT4                        : 16
#      LUT4_L                      : 2
#      MUXCY                       : 32
#      MUXF5                       : 1
#      VCC                         : 1
#      XORCY                       : 26
# FlipFlops/Latches                : 37
#      FDR                         : 26
#      FDRE                        : 4
#      LD                          : 7
# Clock Buffers                    : 1
#      BUFGP                       : 1
# IO Buffers                       : 14
#      IBUF                        : 2
#      OBUF                        : 12
=========================================================================

Device utilization summary:
---------------------------

Selected Device : 3s100ecp132-4 

 Number of Slices:                       25  out of    960     2%  
 Number of Slice Flip Flops:             30  out of   1920     1%  
 Number of 4 input LUTs:                 50  out of   1920     2%  
 Number of IOs:                          15
 Number of bonded IOBs:                  15  out of     83    18%  
    IOB Flip Flops:                       7
 Number of GCLKs:                         1  out of     24     4%  

---------------------------
Partition Resource Summary:
---------------------------

  No Partitions were found in this design.

---------------------------


=========================================================================
TIMING REPORT

NOTE: THESE TIMING NUMBERS ARE ONLY A SYNTHESIS ESTIMATE.
      FOR ACCURATE TIMING INFORMATION PLEASE REFER TO THE TRACE REPORT
      GENERATED AFTER PLACE-and-ROUTE.

Clock Information:
------------------
-----------------------------------+------------------------+-------+
Clock Signal                       | Clock buffer(FF name)  | Load  |
-----------------------------------+------------------------+-------+
mclk                               | BUFGP                  | 30    |
seg_or0000(seg_or00001:O)          | NONE(*)(seg_0)         | 7     |
-----------------------------------+------------------------+-------+
(*) This 1 clock signal(s) are generated by combinatorial logic,
and XST is not able to identify which are the primary clock signals.
Please use the CLOCK_SIGNAL constraint to specify the clock signal(s) generated by combinatorial logic.
INFO:Xst:2169 - HDL ADVISOR - Some clock signals were not automatically buffered by XST with BUFG/BUFR resources. Please use the buffer_type constraint in order to insert these buffers to the clock signals to help prevent skew problems.

Asynchronous Control Signals Information:
----------------------------------------
No asynchronous control signals found in this design

Timing Summary:
---------------
Speed Grade: -4

   Minimum period: 5.846ns (Maximum Frequency: 171.057MHz)
   Minimum input arrival time before clock: 5.067ns
   Maximum output required time after clock: 4.368ns
   Maximum combinational path delay: No path found

Timing Detail:
--------------
All values displayed in nanoseconds (ns)

=========================================================================
Timing constraint: Default period analysis for Clock 'mclk'
  Clock period: 5.846ns (frequency: 171.057MHz)
  Total number of paths / destination ports: 590 / 38
-------------------------------------------------------------------------
Delay:               5.846ns (Levels of Logic = 9)
  Source:            delay/timer_5 (FF)
  Destination:       counter_0 (FF)
  Source Clock:      mclk rising
  Destination Clock: mclk rising

  Data Path: delay/timer_5 to counter_0
                                Gate     Net
    Cell:in->out      fanout   Delay   Delay  Logical Name (Net Name)
    ----------------------------------------  ------------
     FDR:C->Q              2   0.591   0.622  delay/timer_5 (delay/timer_5)
     LUT2:I0->O            1   0.704   0.000  delay/out_wg_lut<0> (delay/out_wg_lut<0>)
     MUXCY:S->O            1   0.464   0.000  delay/out_wg_cy<0> (delay/out_wg_cy<0>)
     MUXCY:CI->O           1   0.059   0.000  delay/out_wg_cy<1> (delay/out_wg_cy<1>)
     MUXCY:CI->O           1   0.059   0.000  delay/out_wg_cy<2> (delay/out_wg_cy<2>)
     MUXCY:CI->O           1   0.059   0.000  delay/out_wg_cy<3> (delay/out_wg_cy<3>)
     MUXCY:CI->O           1   0.059   0.000  delay/out_wg_cy<4> (delay/out_wg_cy<4>)
     MUXCY:CI->O           1   0.059   0.000  delay/out_wg_cy<5> (delay/out_wg_cy<5>)
     MUXCY:CI->O           5   0.331   0.637  delay/out_wg_cy<6> (delay/out_wg_cy<6>)
     LUT4:I3->O            4   0.704   0.587  counter_and0000 (counter_and0000)
     FDRE:R                    0.911          counter_0
    ----------------------------------------
    Total                      5.846ns (4.000ns logic, 1.846ns route)
                                       (68.4% logic, 31.6% route)

=========================================================================
Timing constraint: Default OFFSET IN BEFORE for Clock 'mclk'
  Total number of paths / destination ports: 38 / 33
-------------------------------------------------------------------------
Offset:              5.067ns (Levels of Logic = 3)
  Source:            upDown (PAD)
  Destination:       counter_0 (FF)
  Destination Clock: mclk rising

  Data Path: upDown to counter_0
                                Gate     Net
    Cell:in->out      fanout   Delay   Delay  Logical Name (Net Name)
    ----------------------------------------  ------------
     IBUF:I->O             5   1.218   0.808  upDown_IBUF (upDown_IBUF)
     LUT4_L:I0->LO         1   0.704   0.135  counter_and0000_SW0 (N23)
     LUT4:I2->O            4   0.704   0.587  counter_and0000 (counter_and0000)
     FDRE:R                    0.911          counter_0
    ----------------------------------------
    Total                      5.067ns (3.537ns logic, 1.530ns route)
                                       (69.8% logic, 30.2% route)

=========================================================================
Timing constraint: Default OFFSET OUT AFTER for Clock 'seg_or0000'
  Total number of paths / destination ports: 7 / 7
-------------------------------------------------------------------------
Offset:              4.368ns (Levels of Logic = 1)
  Source:            seg_6 (LATCH)
  Destination:       seg<6> (PAD)
  Source Clock:      seg_or0000 falling

  Data Path: seg_6 to seg<6>
                                Gate     Net
    Cell:in->out      fanout   Delay   Delay  Logical Name (Net Name)
    ----------------------------------------  ------------
     LD:G->Q               1   0.676   0.420  seg_6 (seg_6)
     OBUF:I->O                 3.272          seg_6_OBUF (seg<6>)
    ----------------------------------------
    Total                      4.368ns (3.948ns logic, 0.420ns route)
                                       (90.4% logic, 9.6% route)

=========================================================================


Total REAL time to Xst completion: 4.00 secs
Total CPU time to Xst completion: 4.47 secs
 
--> 

Total memory usage is 244932 kilobytes

Number of errors   :    0 (   0 filtered)
Number of warnings :    3 (   0 filtered)
Number of infos    :    2 (   0 filtered)

