Release 14.7 - xst P.20131013 (nt64)
Copyright (c) 1995-2013 Xilinx, Inc.  All rights reserved.
--> Parameter TMPDIR set to xst/projnav.tmp


Total REAL time to Xst completion: 0.00 secs
Total CPU time to Xst completion: 0.09 secs
 
--> Parameter xsthdpdir set to xst


Total REAL time to Xst completion: 0.00 secs
Total CPU time to Xst completion: 0.09 secs
 
--> Reading design: LedCPUwithROM.prj

TABLE OF CONTENTS
  1) Synthesis Options Summary
  2) HDL Compilation
  3) Design Hierarchy Analysis
  4) HDL Analysis
  5) HDL Synthesis
     5.1) HDL Synthesis Report
  6) Advanced HDL Synthesis
     6.1) Advanced HDL Synthesis Report
  7) Low Level Synthesis
  8) Partition Report
  9) Final Report
	9.1) Device utilization summary
	9.2) Partition Resource Summary
	9.3) TIMING REPORT


=========================================================================
*                      Synthesis Options Summary                        *
=========================================================================
---- Source Parameters
Input File Name                    : "LedCPUwithROM.prj"
Input Format                       : mixed
Ignore Synthesis Constraint File   : NO

---- Target Parameters
Output File Name                   : "LedCPUwithROM"
Output Format                      : NGC
Target Device                      : xc3s100e-4-cp132

---- Source Options
Top Module Name                    : LedCPUwithROM
Automatic FSM Extraction           : YES
FSM Encoding Algorithm             : Auto
Safe Implementation                : No
FSM Style                          : LUT
RAM Extraction                     : Yes
RAM Style                          : Auto
ROM Extraction                     : Yes
Mux Style                          : Auto
Decoder Extraction                 : YES
Priority Encoder Extraction        : Yes
Shift Register Extraction          : YES
Logical Shifter Extraction         : YES
XOR Collapsing                     : YES
ROM Style                          : Auto
Mux Extraction                     : Yes
Resource Sharing                   : YES
Asynchronous To Synchronous        : NO
Multiplier Style                   : Auto
Automatic Register Balancing       : No

---- Target Options
Add IO Buffers                     : YES
Global Maximum Fanout              : 100000
Add Generic Clock Buffer(BUFG)     : 24
Register Duplication               : YES
Slice Packing                      : YES
Optimize Instantiated Primitives   : NO
Use Clock Enable                   : Yes
Use Synchronous Set                : Yes
Use Synchronous Reset              : Yes
Pack IO Registers into IOBs        : Auto
Equivalent register Removal        : YES

---- General Options
Optimization Goal                  : Speed
Optimization Effort                : 1
Keep Hierarchy                     : No
Netlist Hierarchy                  : As_Optimized
RTL Output                         : Yes
Global Optimization                : AllClockNets
Read Cores                         : YES
Write Timing Constraints           : NO
Cross Clock Analysis               : NO
Hierarchy Separator                : /
Bus Delimiter                      : <>
Case Specifier                     : Maintain
Slice Utilization Ratio            : 100
BRAM Utilization Ratio             : 100
Verilog 2001                       : YES
Auto BRAM Packing                  : NO
Slice Utilization Ratio Delta      : 5

=========================================================================


=========================================================================
*                          HDL Compilation                              *
=========================================================================
Compiling verilog file "Delay.v" in library work
Compiling verilog file "ROM.v" in library work
Module <Delay> compiled
Compiling verilog file "LedCPUcore.v" in library work
Module <ROM> compiled
Compiling verilog file "LedCPUwithROM.v" in library work
Module <LedCPUcore> compiled
Module <LedCPUwithROM> compiled
No errors in compilation
Analysis of file <"LedCPUwithROM.prj"> succeeded.
 

=========================================================================
*                     Design Hierarchy Analysis                         *
=========================================================================
Analyzing hierarchy for module <LedCPUwithROM> in library <work> with parameters.
	FREQ_DELAY = "00000000001011111010111100001000"
	FREQ_MCLK = "00000010111110101111000010000000"

Analyzing hierarchy for module <LedCPUcore> in library <work> with parameters.
	FREQ_DELAY = "00000000001011111010111100001000"

Analyzing hierarchy for module <ROM> in library <work>.

Analyzing hierarchy for module <Delay> in library <work> with parameters.
	CNT_WDTH = "00000000000000000000000000011110"
	FREQ_DELAY = "00000000001011111010111100001000"


=========================================================================
*                            HDL Analysis                               *
=========================================================================
Analyzing top module <LedCPUwithROM>.
	FREQ_DELAY = 32'sb00000000001011111010111100001000
	FREQ_MCLK = 32'sb00000010111110101111000010000000
Module <LedCPUwithROM> is correct for synthesis.
 
Analyzing module <LedCPUcore> in library <work>.
	FREQ_DELAY = 32'sb00000000001011111010111100001000
Module <LedCPUcore> is correct for synthesis.
 
Analyzing module <Delay> in library <work>.
	CNT_WDTH = 32'sb00000000000000000000000000011110
	FREQ_DELAY = 32'sb00000000001011111010111100001000
Module <Delay> is correct for synthesis.
 
Analyzing module <ROM> in library <work>.
Module <ROM> is correct for synthesis.
 

=========================================================================
*                           HDL Synthesis                               *
=========================================================================

Performing bidirectional port resolution...

Synthesizing Unit <ROM>.
    Related source file is "ROM.v".
    Found 16x16-bit ROM for signal <dataRd$mux0000>.
    Summary:
	inferred   1 ROM(s).
Unit <ROM> synthesized.


Synthesizing Unit <Delay>.
    Related source file is "Delay.v".
    Found 30-bit register for signal <timer>.
    Found 30-bit adder for signal <timerNext$addsub0000> created at line 39.
    Summary:
	inferred  30 D-type flip-flop(s).
	inferred   1 Adder/Subtractor(s).
Unit <Delay> synthesized.


Synthesizing Unit <LedCPUcore>.
    Related source file is "LedCPUcore.v".
    Found 8-bit register for signal <outPattern>.
    Found 8-bit up counter for signal <addrRd>.
    Found 8-bit comparator not equal for signal <addrRd$cmp_ne0000> created at line 47.
    Found 8-bit up counter for signal <processTime>.
    Found 8-bit comparator equal for signal <processTime$cmp_eq0000> created at line 47.
    Found 1-bit register for signal <state>.
    Summary:
	inferred   2 Counter(s).
	inferred   9 D-type flip-flop(s).
	inferred   2 Comparator(s).
Unit <LedCPUcore> synthesized.


Synthesizing Unit <LedCPUwithROM>.
    Related source file is "LedCPUwithROM.v".
Unit <LedCPUwithROM> synthesized.


=========================================================================
HDL Synthesis Report

Macro Statistics
# ROMs                                                 : 1
 16x16-bit ROM                                         : 1
# Adders/Subtractors                                   : 1
 30-bit adder                                          : 1
# Counters                                             : 2
 8-bit up counter                                      : 2
# Registers                                            : 2
 30-bit register                                       : 1
 8-bit register                                        : 1
# Comparators                                          : 2
 8-bit comparator equal                                : 1
 8-bit comparator not equal                            : 1

=========================================================================

=========================================================================
*                       Advanced HDL Synthesis                          *
=========================================================================


=========================================================================
Advanced HDL Synthesis Report

Macro Statistics
# ROMs                                                 : 1
 16x16-bit ROM                                         : 1
# Adders/Subtractors                                   : 1
 30-bit adder                                          : 1
# Counters                                             : 2
 8-bit up counter                                      : 2
# Registers                                            : 38
 Flip-Flops                                            : 38
# Comparators                                          : 2
 8-bit comparator equal                                : 1
 8-bit comparator not equal                            : 1

=========================================================================

=========================================================================
*                         Low Level Synthesis                           *
=========================================================================

Optimizing unit <LedCPUwithROM> ...

Optimizing unit <Delay> ...

Optimizing unit <LedCPUcore> ...

Mapping all equations...
Building and optimizing final netlist ...
Found area constraint ratio of 100 (+ 5) on block LedCPUwithROM, actual ratio is 7.

Final Macro Processing ...

=========================================================================
Final Register Report

Macro Statistics
# Registers                                            : 54
 Flip-Flops                                            : 54

=========================================================================

=========================================================================
*                           Partition Report                            *
=========================================================================

Partition Implementation Status
-------------------------------

  No Partitions were found in this design.

-------------------------------

=========================================================================
*                            Final Report                               *
=========================================================================
Final Results
RTL Top Level Output File Name     : LedCPUwithROM.ngr
Top Level Output File Name         : LedCPUwithROM
Output Format                      : NGC
Optimization Goal                  : Speed
Keep Hierarchy                     : No

Design Statistics
# IOs                              : 10

Cell Usage :
# BELS                             : 229
#      GND                         : 1
#      INV                         : 3
#      LUT1                        : 43
#      LUT2                        : 38
#      LUT2_D                      : 1
#      LUT2_L                      : 2
#      LUT3                        : 5
#      LUT3_L                      : 1
#      LUT4                        : 33
#      LUT4_D                      : 6
#      LUT4_L                      : 1
#      MUXCY                       : 48
#      VCC                         : 1
#      XORCY                       : 46
# FlipFlops/Latches                : 54
#      FD                          : 30
#      FDRE                        : 24
# Clock Buffers                    : 1
#      BUFGP                       : 1
# IO Buffers                       : 9
#      IBUF                        : 1
#      OBUF                        : 8
=========================================================================

Device utilization summary:
---------------------------

Selected Device : 3s100ecp132-4 

 Number of Slices:                       70  out of    960     7%  
 Number of Slice Flip Flops:             54  out of   1920     2%  
 Number of 4 input LUTs:                133  out of   1920     6%  
 Number of IOs:                          10
 Number of bonded IOBs:                  10  out of     83    12%  
 Number of GCLKs:                         1  out of     24     4%  

---------------------------
Partition Resource Summary:
---------------------------

  No Partitions were found in this design.

---------------------------


=========================================================================
TIMING REPORT

NOTE: THESE TIMING NUMBERS ARE ONLY A SYNTHESIS ESTIMATE.
      FOR ACCURATE TIMING INFORMATION PLEASE REFER TO THE TRACE REPORT
      GENERATED AFTER PLACE-and-ROUTE.

Clock Information:
------------------
-----------------------------------+------------------------+-------+
Clock Signal                       | Clock buffer(FF name)  | Load  |
-----------------------------------+------------------------+-------+
clk                                | BUFGP                  | 54    |
-----------------------------------+------------------------+-------+

Asynchronous Control Signals Information:
----------------------------------------
No asynchronous control signals found in this design

Timing Summary:
---------------
Speed Grade: -4

   Minimum period: 8.412ns (Maximum Frequency: 118.878MHz)
   Minimum input arrival time before clock: 5.421ns
   Maximum output required time after clock: 4.283ns
   Maximum combinational path delay: No path found

Timing Detail:
--------------
All values displayed in nanoseconds (ns)

=========================================================================
Timing constraint: Default period analysis for Clock 'clk'
  Clock period: 8.412ns (frequency: 118.878MHz)
  Total number of paths / destination ports: 3661 / 86
-------------------------------------------------------------------------
Delay:               8.412ns (Levels of Logic = 5)
  Source:            LedCPUcore/addrRd_0 (FF)
  Destination:       LedCPUcore/processTime_7 (FF)
  Source Clock:      clk rising
  Destination Clock: clk rising

  Data Path: LedCPUcore/addrRd_0 to LedCPUcore/processTime_7
                                Gate     Net
    Cell:in->out      fanout   Delay   Delay  Logical Name (Net Name)
    ----------------------------------------  ------------
     FDRE:C->Q            10   0.591   1.057  LedCPUcore/addrRd_0 (LedCPUcore/addrRd_0)
     LUT2_D:I0->O          3   0.704   0.535  ROM/Mrom_dataRd_mux0000911 (N01)
     LUT4_D:I3->LO         1   0.704   0.135  ROM/dataRd<5>1 (N40)
     LUT4:I2->O            2   0.704   0.451  LedCPUcore/addrRd_cmp_ne000062 (LedCPUcore/addrRd_cmp_ne000062)
     LUT4:I3->O            1   0.704   0.455  LedCPUcore/addrRd_cmp_ne000086_SW0 (N26)
     LUT4:I2->O            8   0.704   0.757  LedCPUcore/processTime_or00001 (LedCPUcore/processTime_or0000)
     FDRE:R                    0.911          LedCPUcore/processTime_0
    ----------------------------------------
    Total                      8.412ns (5.022ns logic, 3.390ns route)
                                       (59.7% logic, 40.3% route)

=========================================================================
Timing constraint: Default OFFSET IN BEFORE for Clock 'clk'
  Total number of paths / destination ports: 54 / 54
-------------------------------------------------------------------------
Offset:              5.421ns (Levels of Logic = 3)
  Source:            rst (PAD)
  Destination:       LedCPUcore/dly/timer_0 (FF)
  Destination Clock: clk rising

  Data Path: rst to LedCPUcore/dly/timer_0
                                Gate     Net
    Cell:in->out      fanout   Delay   Delay  Logical Name (Net Name)
    ----------------------------------------  ------------
     IBUF:I->O            18   1.218   1.147  rst_IBUF (rst_IBUF)
     LUT4_D:I1->O         29   0.704   1.340  LedCPUcore/dly/timerNext<0>190 (LedCPUcore/dly/N11)
     LUT2:I1->O            1   0.704   0.000  LedCPUcore/dly/timerNext<8>1 (LedCPUcore/dly/timerNext<8>)
     FD:D                      0.308          LedCPUcore/dly/timer_8
    ----------------------------------------
    Total                      5.421ns (2.934ns logic, 2.487ns route)
                                       (54.1% logic, 45.9% route)

=========================================================================
Timing constraint: Default OFFSET OUT AFTER for Clock 'clk'
  Total number of paths / destination ports: 8 / 8
-------------------------------------------------------------------------
Offset:              4.283ns (Levels of Logic = 1)
  Source:            LedCPUcore/outPattern_7 (FF)
  Destination:       outPattern<7> (PAD)
  Source Clock:      clk rising

  Data Path: LedCPUcore/outPattern_7 to outPattern<7>
                                Gate     Net
    Cell:in->out      fanout   Delay   Delay  Logical Name (Net Name)
    ----------------------------------------  ------------
     FDRE:C->Q             1   0.591   0.420  LedCPUcore/outPattern_7 (LedCPUcore/outPattern_7)
     OBUF:I->O                 3.272          outPattern_7_OBUF (outPattern<7>)
    ----------------------------------------
    Total                      4.283ns (3.863ns logic, 0.420ns route)
                                       (90.2% logic, 9.8% route)

=========================================================================


Total REAL time to Xst completion: 5.00 secs
Total CPU time to Xst completion: 4.53 secs
 
--> 

Total memory usage is 247044 kilobytes

Number of errors   :    0 (   0 filtered)
Number of warnings :    0 (   0 filtered)
Number of infos    :    0 (   0 filtered)

