c:\users\muratcan\skydrıve\projects\cs201\lab1\lab1\debug\lab1.pch
c:\users\muratcan\skydrıve\projects\cs201\lab1\lab1\debug\vc120.pdb
c:\users\muratcan\skydrıve\projects\cs201\lab1\lab1\debug\vc120.ıdb
c:\users\muratcan\skydrıve\projects\cs201\lab1\lab1\debug\stdafx.obj
c:\users\muratcan\skydrıve\projects\cs201\lab1\lab1\debug\student.obj
c:\users\muratcan\skydrıve\projects\cs201\lab1\lab1\debug\gradebook.obj
c:\users\muratcan\skydrıve\projects\cs201\lab1\debug\lab1.ılk
c:\users\muratcan\skydrıve\projects\cs201\lab1\debug\lab1.exe
c:\users\muratcan\skydrıve\projects\cs201\lab1\debug\lab1.pdb
c:\users\muratcan\skydrive\projects\cs201\lab1\lab1\debug\gradebook.obj
c:\users\muratcan\skydrive\projects\cs201\lab1\lab1\debug\stdafx.obj
c:\users\muratcan\skydrive\projects\cs201\lab1\lab1\debug\student.obj
c:\users\muratcan\skydrive\projects\cs201\lab1\lab1\debug\lab1.pch
c:\users\muratcan\skydrive\projects\cs201\lab1\lab1\debug\vc120.idb
c:\users\muratcan\skydrive\projects\cs201\lab1\lab1\debug\vc120.pdb
c:\users\muratcan\skydrive\projects\cs201\lab1\debug\lab1.pdb
c:\users\muratcan\skydrive\projects\cs201\lab1\debug\lab1.exe
c:\users\muratcan\skydrive\projects\cs201\lab1\debug\lab1.ilk
c:\users\muratcan\skydrive\projects\cs201\lab1\lab1\debug\lab1.tlog\cl.command.1.tlog
c:\users\muratcan\skydrive\projects\cs201\lab1\lab1\debug\lab1.tlog\cl.read.1.tlog
c:\users\muratcan\skydrive\projects\cs201\lab1\lab1\debug\lab1.tlog\cl.write.1.tlog
c:\users\muratcan\skydrive\projects\cs201\lab1\lab1\debug\lab1.tlog\link.command.1.tlog
c:\users\muratcan\skydrive\projects\cs201\lab1\lab1\debug\lab1.tlog\link.read.1.tlog
c:\users\muratcan\skydrive\projects\cs201\lab1\lab1\debug\lab1.tlog\link.write.1.tlog
