Running: D:\Slow_Storage\Program_Files\Xilinx\14.7\ISE_DS\ISE\bin\nt64\unwrapped\fuse.exe -intstyle ise -incremental -lib unisims_ver -lib unimacro_ver -lib xilinxcorelib_ver -o D:/OneDrive/Projects/CS240/Lab9/tb_isim_beh.exe -prj D:/OneDrive/Projects/CS240/Lab9/tb_beh.prj work.tb work.glbl 
ISim P.20131013 (signature 0x7708f090)
Number of CPUs detected in this system: 8
Turning on mult-threading, number of parallel sub-compilation jobs: 16 
Determining compilation order of HDL files
Analyzing Verilog file "D:/OneDrive/Projects/CS240/Lab9/SimpleCPU.v" into library work
Analyzing Verilog file "D:/OneDrive/Projects/CS240/Lab9/blram.v" into library work
Analyzing Verilog file "D:/OneDrive/Projects/CS240/Lab9/tb.v" into library work
Analyzing Verilog file "D:/Slow_Storage/Program_Files/Xilinx/14.7/ISE_DS/ISE//verilog/src/glbl.v" into library work
Starting static elaboration
Completed static elaboration
Compiling module SimpleCPU
Compiling module blram(SIZE=10,DEPTH=1024)
Compiling module tb
Compiling module glbl
Time Resolution for simulation is 1ps.
Waiting for 1 sub-compilation(s) to finish...
WARNING:Simulator - Unable to copy libPortabilityNOSH.dll to the simulation executable directory: boost::filesystem::copy_file: The system cannot find the path specified, "isim\tb_isim_beh.exe.sim\libPortability.dll".
Compiled 4 Verilog Units
Built simulation executable D:/OneDrive/Projects/CS240/Lab9/tb_isim_beh.exe
Fuse Memory Usage: 26632 KB
Fuse CPU Usage: 390 ms
