--------------------------------------------------------------------------------
Release 14.7 Trace  (nt64)
Copyright (c) 1995-2013 Xilinx, Inc.  All rights reserved.

D:\Slow_Storage\Program_Files\Xilinx\14.7\ISE_DS\ISE\bin\nt64\unwrapped\trce.exe
-intstyle ise -v 3 -s 4 -n 3 -fastpaths -xml lab6.twx lab6.ncd -o lab6.twr
lab6.pcf -ucf lab6.ucf

Design file:              lab6.ncd
Physical constraint file: lab6.pcf
Device,package,speed:     xc3s100e,cp132,-4 (PRODUCTION 1.27 2013-10-13)
Report level:             verbose report

Environment Variable      Effect 
--------------------      ------ 
NONE                      No environment variables were set
--------------------------------------------------------------------------------

INFO:Timing:2698 - No timing constraints found, doing default enumeration.
INFO:Timing:3412 - To improve timing, see the Timing Closure User Guide (UG612).
INFO:Timing:2752 - To get complete path coverage, use the unconstrained paths 
   option. All paths that are not constrained will be reported in the 
   unconstrained paths section(s) of the report.
INFO:Timing:3339 - The clock-to-out numbers in this timing report are based on 
   a 50 Ohm transmission line loading model.  For the details of this model, 
   and for more information on accounting for different loading conditions, 
   please see the device datasheet.
INFO:Timing:3390 - This architecture does not support a default System Jitter 
   value, please add SYSTEM_JITTER constraint to the UCF to modify the Clock 
   Uncertainty calculation.
INFO:Timing:3389 - This architecture does not support 'Discrete Jitter' and 
   'Phase Error' calculations, these terms will be zero in the Clock 
   Uncertainty calculation.  Please make appropriate modification to 
   SYSTEM_JITTER to account for the unsupported Discrete Jitter and Phase 
   Error.



Data Sheet report:
-----------------
All values displayed in nanoseconds (ns)

Setup/Hold to clock mclk
------------+------------+------------+------------------+--------+
            |Max Setup to|Max Hold to |                  | Clock  |
Source      | clk (edge) | clk (edge) |Internal Clock(s) | Phase  |
------------+------------+------------+------------------+--------+
rst         |    2.142(R)|    0.700(R)|mclk_BUFGP        |   0.000|
------------+------------+------------+------------------+--------+

Clock mclk to Pad
------------+------------+------------------+--------+
            | clk (edge) |                  | Clock  |
Destination |   to PAD   |Internal Clock(s) | Phase  |
------------+------------+------------------+--------+
seg<0>      |    8.090(R)|mclk_BUFGP        |   0.000|
seg<1>      |    7.707(R)|mclk_BUFGP        |   0.000|
seg<2>      |    7.684(R)|mclk_BUFGP        |   0.000|
seg<3>      |    7.407(R)|mclk_BUFGP        |   0.000|
seg<4>      |    7.932(R)|mclk_BUFGP        |   0.000|
seg<5>      |    7.610(R)|mclk_BUFGP        |   0.000|
seg<6>      |    7.749(R)|mclk_BUFGP        |   0.000|
seg<7>      |    8.409(R)|mclk_BUFGP        |   0.000|
------------+------------+------------------+--------+

Clock to Setup on destination clock mclk
---------------+---------+---------+---------+---------+
               | Src:Rise| Src:Fall| Src:Rise| Src:Fall|
Source Clock   |Dest:Rise|Dest:Rise|Dest:Fall|Dest:Fall|
---------------+---------+---------+---------+---------+
mclk           |    5.063|         |         |         |
---------------+---------+---------+---------+---------+


Analysis completed Fri Dec 12 17:06:30 2014 
--------------------------------------------------------------------------------

Trace Settings:
-------------------------
Trace Settings 

Peak Memory Usage: 168 MB



