Release 14.7 - xst P.20131013 (nt64)
Copyright (c) 1995-2013 Xilinx, Inc.  All rights reserved.
--> Parameter TMPDIR set to xst/projnav.tmp


Total REAL time to Xst completion: 0.00 secs
Total CPU time to Xst completion: 0.09 secs
 
--> Parameter xsthdpdir set to xst


Total REAL time to Xst completion: 0.00 secs
Total CPU time to Xst completion: 0.09 secs
 
--> Reading design: lab6.prj

TABLE OF CONTENTS
  1) Synthesis Options Summary
  2) HDL Compilation
  3) Design Hierarchy Analysis
  4) HDL Analysis
  5) HDL Synthesis
     5.1) HDL Synthesis Report
  6) Advanced HDL Synthesis
     6.1) Advanced HDL Synthesis Report
  7) Low Level Synthesis
  8) Partition Report
  9) Final Report
	9.1) Device utilization summary
	9.2) Partition Resource Summary
	9.3) TIMING REPORT


=========================================================================
*                      Synthesis Options Summary                        *
=========================================================================
---- Source Parameters
Input File Name                    : "lab6.prj"
Input Format                       : mixed
Ignore Synthesis Constraint File   : NO

---- Target Parameters
Output File Name                   : "lab6"
Output Format                      : NGC
Target Device                      : xc3s100e-4-cp132

---- Source Options
Top Module Name                    : lab6
Automatic FSM Extraction           : YES
FSM Encoding Algorithm             : Auto
Safe Implementation                : No
FSM Style                          : LUT
RAM Extraction                     : Yes
RAM Style                          : Auto
ROM Extraction                     : Yes
Mux Style                          : Auto
Decoder Extraction                 : YES
Priority Encoder Extraction        : Yes
Shift Register Extraction          : YES
Logical Shifter Extraction         : YES
XOR Collapsing                     : YES
ROM Style                          : Auto
Mux Extraction                     : Yes
Resource Sharing                   : YES
Asynchronous To Synchronous        : NO
Multiplier Style                   : Auto
Automatic Register Balancing       : No

---- Target Options
Add IO Buffers                     : YES
Global Maximum Fanout              : 100000
Add Generic Clock Buffer(BUFG)     : 24
Register Duplication               : YES
Slice Packing                      : YES
Optimize Instantiated Primitives   : NO
Use Clock Enable                   : Yes
Use Synchronous Set                : Yes
Use Synchronous Reset              : Yes
Pack IO Registers into IOBs        : Auto
Equivalent register Removal        : YES

---- General Options
Optimization Goal                  : Speed
Optimization Effort                : 1
Keep Hierarchy                     : No
Netlist Hierarchy                  : As_Optimized
RTL Output                         : Yes
Global Optimization                : AllClockNets
Read Cores                         : YES
Write Timing Constraints           : NO
Cross Clock Analysis               : NO
Hierarchy Separator                : /
Bus Delimiter                      : <>
Case Specifier                     : Maintain
Slice Utilization Ratio            : 100
BRAM Utilization Ratio             : 100
Verilog 2001                       : YES
Auto BRAM Packing                  : NO
Slice Utilization Ratio Delta      : 5

=========================================================================


=========================================================================
*                          HDL Compilation                              *
=========================================================================
Compiling verilog file "lab6.v" in library work
Module <lab6> compiled
No errors in compilation
Analysis of file <"lab6.prj"> succeeded.
 

=========================================================================
*                     Design Hierarchy Analysis                         *
=========================================================================
Analyzing hierarchy for module <lab6> in library <work> with parameters.
	COUNT = "1111111111111111111111"


=========================================================================
*                            HDL Analysis                               *
=========================================================================
Analyzing top module <lab6>.
	COUNT = 22'b1111111111111111111111
Module <lab6> is correct for synthesis.
 

=========================================================================
*                           HDL Synthesis                               *
=========================================================================

Performing bidirectional port resolution...

Synthesizing Unit <lab6>.
    Related source file is "lab6.v".
WARNING:Xst:737 - Found 1-bit latch for signal <directionNext>. Latches may be generated from incomplete case or if statements. We do not recommend the use of latches in FPGA/CPLD designs, as they may lead to timing problems.
    Found 8-bit register for signal <seg>.
    Found 22-bit register for signal <counter>.
    Found 22-bit adder for signal <counterNext$addsub0000> created at line 69.
    Found 1-bit register for signal <direction>.
    Summary:
	inferred  31 D-type flip-flop(s).
	inferred   1 Adder/Subtractor(s).
Unit <lab6> synthesized.


=========================================================================
HDL Synthesis Report

Macro Statistics
# Adders/Subtractors                                   : 1
 22-bit adder                                          : 1
# Registers                                            : 3
 1-bit register                                        : 1
 22-bit register                                       : 1
 8-bit register                                        : 1
# Latches                                              : 1
 1-bit latch                                           : 1

=========================================================================

=========================================================================
*                       Advanced HDL Synthesis                          *
=========================================================================


=========================================================================
Advanced HDL Synthesis Report

Macro Statistics
# Adders/Subtractors                                   : 1
 22-bit adder                                          : 1
# Registers                                            : 31
 Flip-Flops                                            : 31
# Latches                                              : 1
 1-bit latch                                           : 1

=========================================================================

=========================================================================
*                         Low Level Synthesis                           *
=========================================================================

Optimizing unit <lab6> ...

Mapping all equations...
Building and optimizing final netlist ...
Found area constraint ratio of 100 (+ 5) on block lab6, actual ratio is 3.

Final Macro Processing ...

=========================================================================
Final Register Report

Macro Statistics
# Registers                                            : 31
 Flip-Flops                                            : 31

=========================================================================

=========================================================================
*                           Partition Report                            *
=========================================================================

Partition Implementation Status
-------------------------------

  No Partitions were found in this design.

-------------------------------

=========================================================================
*                            Final Report                               *
=========================================================================
Final Results
RTL Top Level Output File Name     : lab6.ngr
Top Level Output File Name         : lab6
Output Format                      : NGC
Optimization Goal                  : Speed
Keep Hierarchy                     : No

Design Statistics
# IOs                              : 10

Cell Usage :
# BELS                             : 113
#      GND                         : 1
#      INV                         : 2
#      LUT1                        : 21
#      LUT2                        : 3
#      LUT3                        : 29
#      LUT4                        : 7
#      MUXCY                       : 27
#      VCC                         : 1
#      XORCY                       : 22
# FlipFlops/Latches                : 32
#      FD                          : 23
#      FDRE                        : 7
#      FDSE                        : 1
#      LDE                         : 1
# Clock Buffers                    : 1
#      BUFGP                       : 1
# IO Buffers                       : 9
#      IBUF                        : 1
#      OBUF                        : 8
=========================================================================

Device utilization summary:
---------------------------

Selected Device : 3s100ecp132-4 

 Number of Slices:                       33  out of    960     3%  
 Number of Slice Flip Flops:             32  out of   1920     1%  
 Number of 4 input LUTs:                 62  out of   1920     3%  
 Number of IOs:                          10
 Number of bonded IOBs:                  10  out of     83    12%  
 Number of GCLKs:                         1  out of     24     4%  

---------------------------
Partition Resource Summary:
---------------------------

  No Partitions were found in this design.

---------------------------


=========================================================================
TIMING REPORT

NOTE: THESE TIMING NUMBERS ARE ONLY A SYNTHESIS ESTIMATE.
      FOR ACCURATE TIMING INFORMATION PLEASE REFER TO THE TRACE REPORT
      GENERATED AFTER PLACE-and-ROUTE.

Clock Information:
------------------
-----------------------------------------+------------------------+-------+
Clock Signal                             | Clock buffer(FF name)  | Load  |
-----------------------------------------+------------------------+-------+
mclk                                     | BUFGP                  | 31    |
seg_cmp_eq0000(seg_cmp_eq0000_wg_cy<5>:O)| NONE(*)(directionNext) | 1     |
-----------------------------------------+------------------------+-------+
(*) This 1 clock signal(s) are generated by combinatorial logic,
and XST is not able to identify which are the primary clock signals.
Please use the CLOCK_SIGNAL constraint to specify the clock signal(s) generated by combinatorial logic.
INFO:Xst:2169 - HDL ADVISOR - Some clock signals were not automatically buffered by XST with BUFG/BUFR resources. Please use the buffer_type constraint in order to insert these buffers to the clock signals to help prevent skew problems.

Asynchronous Control Signals Information:
----------------------------------------
No asynchronous control signals found in this design

Timing Summary:
---------------
Speed Grade: -4

   Minimum period: 5.773ns (Maximum Frequency: 173.220MHz)
   Minimum input arrival time before clock: 4.159ns
   Maximum output required time after clock: 4.450ns
   Maximum combinational path delay: No path found

Timing Detail:
--------------
All values displayed in nanoseconds (ns)

=========================================================================
Timing constraint: Default period analysis for Clock 'mclk'
  Clock period: 5.773ns (frequency: 173.220MHz)
  Total number of paths / destination ports: 935 / 38
-------------------------------------------------------------------------
Delay:               5.773ns (Levels of Logic = 23)
  Source:            counter_1 (FF)
  Destination:       counter_21 (FF)
  Source Clock:      mclk rising
  Destination Clock: mclk rising

  Data Path: counter_1 to counter_21
                                Gate     Net
    Cell:in->out      fanout   Delay   Delay  Logical Name (Net Name)
    ----------------------------------------  ------------
     FD:C->Q               2   0.591   0.622  counter_1 (counter_1)
     LUT1:I0->O            1   0.704   0.000  Madd_counterNext_addsub0000_cy<1>_rt (Madd_counterNext_addsub0000_cy<1>_rt)
     MUXCY:S->O            1   0.464   0.000  Madd_counterNext_addsub0000_cy<1> (Madd_counterNext_addsub0000_cy<1>)
     MUXCY:CI->O           1   0.059   0.000  Madd_counterNext_addsub0000_cy<2> (Madd_counterNext_addsub0000_cy<2>)
     MUXCY:CI->O           1   0.059   0.000  Madd_counterNext_addsub0000_cy<3> (Madd_counterNext_addsub0000_cy<3>)
     MUXCY:CI->O           1   0.059   0.000  Madd_counterNext_addsub0000_cy<4> (Madd_counterNext_addsub0000_cy<4>)
     MUXCY:CI->O           1   0.059   0.000  Madd_counterNext_addsub0000_cy<5> (Madd_counterNext_addsub0000_cy<5>)
     MUXCY:CI->O           1   0.059   0.000  Madd_counterNext_addsub0000_cy<6> (Madd_counterNext_addsub0000_cy<6>)
     MUXCY:CI->O           1   0.059   0.000  Madd_counterNext_addsub0000_cy<7> (Madd_counterNext_addsub0000_cy<7>)
     MUXCY:CI->O           1   0.059   0.000  Madd_counterNext_addsub0000_cy<8> (Madd_counterNext_addsub0000_cy<8>)
     MUXCY:CI->O           1   0.059   0.000  Madd_counterNext_addsub0000_cy<9> (Madd_counterNext_addsub0000_cy<9>)
     MUXCY:CI->O           1   0.059   0.000  Madd_counterNext_addsub0000_cy<10> (Madd_counterNext_addsub0000_cy<10>)
     MUXCY:CI->O           1   0.059   0.000  Madd_counterNext_addsub0000_cy<11> (Madd_counterNext_addsub0000_cy<11>)
     MUXCY:CI->O           1   0.059   0.000  Madd_counterNext_addsub0000_cy<12> (Madd_counterNext_addsub0000_cy<12>)
     MUXCY:CI->O           1   0.059   0.000  Madd_counterNext_addsub0000_cy<13> (Madd_counterNext_addsub0000_cy<13>)
     MUXCY:CI->O           1   0.059   0.000  Madd_counterNext_addsub0000_cy<14> (Madd_counterNext_addsub0000_cy<14>)
     MUXCY:CI->O           1   0.059   0.000  Madd_counterNext_addsub0000_cy<15> (Madd_counterNext_addsub0000_cy<15>)
     MUXCY:CI->O           1   0.059   0.000  Madd_counterNext_addsub0000_cy<16> (Madd_counterNext_addsub0000_cy<16>)
     MUXCY:CI->O           1   0.059   0.000  Madd_counterNext_addsub0000_cy<17> (Madd_counterNext_addsub0000_cy<17>)
     MUXCY:CI->O           1   0.059   0.000  Madd_counterNext_addsub0000_cy<18> (Madd_counterNext_addsub0000_cy<18>)
     MUXCY:CI->O           1   0.059   0.000  Madd_counterNext_addsub0000_cy<19> (Madd_counterNext_addsub0000_cy<19>)
     MUXCY:CI->O           0   0.059   0.000  Madd_counterNext_addsub0000_cy<20> (Madd_counterNext_addsub0000_cy<20>)
     XORCY:CI->O           1   0.804   0.455  Madd_counterNext_addsub0000_xor<21> (counterNext_addsub0000<21>)
     LUT3:I2->O            1   0.704   0.000  counterNext<21>1 (counterNext<21>)
     FD:D                      0.308          counter_21
    ----------------------------------------
    Total                      5.773ns (4.696ns logic, 1.077ns route)
                                       (81.3% logic, 18.7% route)

=========================================================================
Timing constraint: Default period analysis for Clock 'seg_cmp_eq0000'
  Clock period: 2.214ns (frequency: 451.671MHz)
  Total number of paths / destination ports: 1 / 1
-------------------------------------------------------------------------
Delay:               2.214ns (Levels of Logic = 1)
  Source:            directionNext (LATCH)
  Destination:       directionNext (LATCH)
  Source Clock:      seg_cmp_eq0000 falling
  Destination Clock: seg_cmp_eq0000 falling

  Data Path: directionNext to directionNext
                                Gate     Net
    Cell:in->out      fanout   Delay   Delay  Logical Name (Net Name)
    ----------------------------------------  ------------
     LDE:G->Q              2   0.676   0.526  directionNext (directionNext)
     LUT4:I1->O            1   0.704   0.000  directionNext_mux00001 (directionNext_mux0000)
     LDE:D                     0.308          directionNext
    ----------------------------------------
    Total                      2.214ns (1.688ns logic, 0.526ns route)
                                       (76.2% logic, 23.8% route)

=========================================================================
Timing constraint: Default OFFSET IN BEFORE for Clock 'mclk'
  Total number of paths / destination ports: 30 / 30
-------------------------------------------------------------------------
Offset:              3.667ns (Levels of Logic = 2)
  Source:            rst (PAD)
  Destination:       counter_5 (FF)
  Destination Clock: mclk rising

  Data Path: rst to counter_5
                                Gate     Net
    Cell:in->out      fanout   Delay   Delay  Logical Name (Net Name)
    ----------------------------------------  ------------
     IBUF:I->O            31   1.218   1.437  rst_IBUF (rst_IBUF)
     LUT3:I0->O            1   0.704   0.000  counterNext<5>1 (counterNext<5>)
     FD:D                      0.308          counter_5
    ----------------------------------------
    Total                      3.667ns (2.230ns logic, 1.437ns route)
                                       (60.8% logic, 39.2% route)

=========================================================================
Timing constraint: Default OFFSET IN BEFORE for Clock 'seg_cmp_eq0000'
  Total number of paths / destination ports: 1 / 1
-------------------------------------------------------------------------
Offset:              4.159ns (Levels of Logic = 2)
  Source:            rst (PAD)
  Destination:       directionNext (LATCH)
  Destination Clock: seg_cmp_eq0000 falling

  Data Path: rst to directionNext
                                Gate     Net
    Cell:in->out      fanout   Delay   Delay  Logical Name (Net Name)
    ----------------------------------------  ------------
     IBUF:I->O            31   1.218   1.262  rst_IBUF (rst_IBUF)
     INV:I->O              1   0.704   0.420  directionNext_0_not00001_INV_0 (directionNext_0_not0000)
     LDE:GE                    0.555          directionNext
    ----------------------------------------
    Total                      4.159ns (2.477ns logic, 1.682ns route)
                                       (59.6% logic, 40.4% route)

=========================================================================
Timing constraint: Default OFFSET OUT AFTER for Clock 'mclk'
  Total number of paths / destination ports: 8 / 8
-------------------------------------------------------------------------
Offset:              4.450ns (Levels of Logic = 1)
  Source:            seg_6 (FF)
  Destination:       seg<6> (PAD)
  Source Clock:      mclk rising

  Data Path: seg_6 to seg<6>
                                Gate     Net
    Cell:in->out      fanout   Delay   Delay  Logical Name (Net Name)
    ----------------------------------------  ------------
     FDRE:C->Q             4   0.591   0.587  seg_6 (seg_6)
     OBUF:I->O                 3.272          seg_6_OBUF (seg<6>)
    ----------------------------------------
    Total                      4.450ns (3.863ns logic, 0.587ns route)
                                       (86.8% logic, 13.2% route)

=========================================================================


Total REAL time to Xst completion: 4.00 secs
Total CPU time to Xst completion: 4.52 secs
 
--> 

Total memory usage is 232756 kilobytes

Number of errors   :    0 (   0 filtered)
Number of warnings :    1 (   0 filtered)
Number of infos    :    1 (   0 filtered)

