--------------------------------------------------------------------------------
Release 14.7 Trace  (nt64)
Copyright (c) 1995-2013 Xilinx, Inc.  All rights reserved.

D:\Slow_Storage\Program_Files\Xilinx\14.7\ISE_DS\ISE\bin\nt64\unwrapped\trce.exe
-intstyle ise -v 3 -s 4 -n 3 -fastpaths -xml sevenSegDriver.twx
sevenSegDriver.ncd -o sevenSegDriver.twr sevenSegDriver.pcf -ucf
sevenSegDriver.ucf

Design file:              sevenSegDriver.ncd
Physical constraint file: sevenSegDriver.pcf
Device,package,speed:     xc3s100e,cp132,-4 (PRODUCTION 1.27 2013-10-13)
Report level:             verbose report

Environment Variable      Effect 
--------------------      ------ 
NONE                      No environment variables were set
--------------------------------------------------------------------------------

INFO:Timing:2698 - No timing constraints found, doing default enumeration.
INFO:Timing:3412 - To improve timing, see the Timing Closure User Guide (UG612).
INFO:Timing:2752 - To get complete path coverage, use the unconstrained paths 
   option. All paths that are not constrained will be reported in the 
   unconstrained paths section(s) of the report.
INFO:Timing:3339 - The clock-to-out numbers in this timing report are based on 
   a 50 Ohm transmission line loading model.  For the details of this model, 
   and for more information on accounting for different loading conditions, 
   please see the device datasheet.
INFO:Timing:3390 - This architecture does not support a default System Jitter 
   value, please add SYSTEM_JITTER constraint to the UCF to modify the Clock 
   Uncertainty calculation.
INFO:Timing:3389 - This architecture does not support 'Discrete Jitter' and 
   'Phase Error' calculations, these terms will be zero in the Clock 
   Uncertainty calculation.  Please make appropriate modification to 
   SYSTEM_JITTER to account for the unsupported Discrete Jitter and Phase 
   Error.



Data Sheet report:
-----------------
All values displayed in nanoseconds (ns)

Pad to Pad
---------------+---------------+---------+
Source Pad     |Destination Pad|  Delay  |
---------------+---------------+---------+
sw<0>          |seg<0>         |    6.999|
sw<0>          |seg<1>         |    7.608|
sw<0>          |seg<2>         |    7.648|
sw<0>          |seg<3>         |    7.198|
sw<0>          |seg<4>         |    7.095|
sw<0>          |seg<5>         |    7.362|
sw<0>          |seg<6>         |    7.124|
sw<1>          |seg<0>         |    7.889|
sw<1>          |seg<1>         |    8.458|
sw<1>          |seg<2>         |   10.040|
sw<1>          |seg<3>         |    9.583|
sw<1>          |seg<4>         |    9.323|
sw<1>          |seg<5>         |    9.565|
sw<1>          |seg<6>         |    9.352|
sw<2>          |seg<0>         |    7.552|
sw<2>          |seg<1>         |    8.186|
sw<2>          |seg<2>         |    7.765|
sw<2>          |seg<3>         |    7.373|
sw<2>          |seg<4>         |    7.103|
sw<2>          |seg<5>         |    7.410|
sw<2>          |seg<6>         |    7.132|
sw<3>          |seg<0>         |    8.272|
sw<3>          |seg<1>         |    8.846|
sw<3>          |seg<2>         |    8.899|
sw<3>          |seg<3>         |    8.480|
sw<3>          |seg<4>         |    8.389|
sw<3>          |seg<5>         |    8.691|
sw<3>          |seg<6>         |    8.418|
---------------+---------------+---------+


Analysis completed Thu Nov 27 21:33:16 2014 
--------------------------------------------------------------------------------

Trace Settings:
-------------------------
Trace Settings 

Peak Memory Usage: 147 MB



