c:\users\muratcan\skydrıve\projects\cs201\select\select\debug\vc120.pdb
c:\users\muratcan\skydrıve\projects\cs201\select\select\debug\vc120.ıdb
c:\users\muratcan\skydrıve\projects\cs201\select\select\debug\algorıthmsortall.obj
c:\users\muratcan\skydrıve\projects\cs201\select\select\debug\algorıthmsortk.obj
c:\users\muratcan\skydrıve\projects\cs201\select\select\debug\selectıonalgorıthm.obj
c:\users\muratcan\skydrıve\projects\cs201\select\select\debug\select.obj
c:\users\muratcan\skydrıve\projects\cs201\select\select\debug\testbed.obj
c:\users\muratcan\skydrıve\projects\cs201\select\debug\select.ılk
c:\users\muratcan\skydrıve\projects\cs201\select\debug\select.exe
c:\users\muratcan\skydrıve\projects\cs201\select\debug\select.pdb
c:\users\muratcan\skydrive\projects\cs201\select\select\debug\algorithmsortall.obj
c:\users\muratcan\skydrive\projects\cs201\select\select\debug\algorithmsortk.obj
c:\users\muratcan\skydrive\projects\cs201\select\select\debug\select.obj
c:\users\muratcan\skydrive\projects\cs201\select\select\debug\selectionalgorithm.obj
c:\users\muratcan\skydrive\projects\cs201\select\select\debug\testbed.obj
c:\users\muratcan\skydrive\projects\cs201\select\select\debug\vc120.idb
c:\users\muratcan\skydrive\projects\cs201\select\select\debug\vc120.pdb
c:\users\muratcan\skydrive\projects\cs201\select\debug\select.pdb
c:\users\muratcan\skydrive\projects\cs201\select\debug\select.exe
c:\users\muratcan\skydrive\projects\cs201\select\debug\select.ilk
c:\users\muratcan\skydrive\projects\cs201\select\select\debug\select.tlog\cl.command.1.tlog
c:\users\muratcan\skydrive\projects\cs201\select\select\debug\select.tlog\cl.read.1.tlog
c:\users\muratcan\skydrive\projects\cs201\select\select\debug\select.tlog\cl.write.1.tlog
c:\users\muratcan\skydrive\projects\cs201\select\select\debug\select.tlog\link.command.1.tlog
c:\users\muratcan\skydrive\projects\cs201\select\select\debug\select.tlog\link.read.1.tlog
c:\users\muratcan\skydrive\projects\cs201\select\select\debug\select.tlog\link.write.1.tlog
